[     176ms] [LOG] [Fast Refresh] rebuilding @ http://localhost:3000/_next/static/chunks/node_modules_next_dist_1ybzpk2._.js:2477
[     194ms] [LOG] [Fast Refresh] done in 133ms @ http://localhost:3000/_next/static/chunks/node_modules_next_dist_1ybzpk2._.js:2477
[     401ms] [INFO] %cDownload the React DevTools for a better development experience: https://react.dev/link/react-devtools font-weight:bold @ http://localhost:3000/_next/static/chunks/node_modules_next_dist_1ybzpk2._.js:2477
[     459ms] [LOG] [HMR] connected @ http://localhost:3000/_next/static/chunks/node_modules_next_dist_1ybzpk2._.js:2477
[   17091ms] [VERBOSE] [DOM] Password field is not contained in a form: (More info: https://goo.gl/9p2vKq) %o @ https://accounts.google.com/v3/signin/identifier?opparams=%253F&dsh=S1258292873%3A1781703847028428&access_type=offline&client_id=118398786093-mmjdl33l7f7ldni0vqfj5203mqsbgs75.apps.googleusercontent.com&code_challenge=84rl1g5OikWcuQk3yNr-UTNtBP3OBwnsQ7jKAB-gSM8&code_challenge_method=S256&o2v=2&prompt=consent&redirect_uri=http%3A%2F%2Flocalhost%3A3000%2Fapi%2Fauth%2Fcallback%2Fgoogle&response_type=code&scope=openid+email+profile&service=lso&flowName=GeneralOAuthFlow&continue=https%3A%2F%2Faccounts.google.com%2Fsignin%2Foauth%2Fconsent%3Fauthuser%3Dunknown%26part%3DAJi8hANQuqCCdzNAJFuq-UNvV0dVZA29gFMLFc9-b-n4uzfFWKeuskuXmxy1iRNQgGHQVt8sO29sAw78iv9CFttSWvyNRqB3OpACBBVbc2xQl4AOyYjAu9EqGDzT2vxXQ8RR89XLf9e5GpqmOTDYGEIW3xZMGeMPl0jYN47vNwV2SrMkmXTA3kgsEPJXOZnH5Y5mK9436Yv09yqu6fUHy0Xdp8IePdDeRsT1o05rkW8Ibq1Ty-K8kuQMERrOPPjpRsMRazKSO-FHNrT6LBKe-TT7P2D3MR1_UUqxRafkAo_DVQtZXk88CW188xNY646KSwZawMkmcCLWHEuYpz41y2nPirPC7SGuHAHw5Xr2CI3mSE2f0g_juHG0vHTMgGs7M0qv6impv3K1C6vYOZzA0Kn_vTzdn7Pk3oeABmO2rnQP4DPxvn2z5QetfQ3qKMir1-9Av-b2VzU2PVPBcHNQTX7DROqxW9pnkQ%26flowName%3DGeneralOAuthFlow%26as%3DS1258292873%253A1781703847028428%26client_id%3D118398786093-mmjdl33l7f7ldni0vqfj5203mqsbgs75.apps.googleusercontent.com%26requestPath%3D%252Fsignin%252Foauth%252Fconsent%23&app_domain=http%3A%2F%2Flocalhost%3A3000&rart=ANgoxccAGxjue3lBP2w9_9Ed6TdFA7ZxgRm6xnOGweLP9GTD3uZc23jJZSqBbfWWTzMd-4r2PzFdqQGb-1EzmUZhGFHrlgr6uCvXN87_L5H2e9xoknNpXOs:0
[   17124ms] [LOG] %c%s color: red; background: yellow; font-size: 24px; WARNING! @ https://www.gstatic.com/_/mss/boq-identity/_/js/k=boq-identity.AccountsSignInUi.en_US.rdtyFh-827A.es5.O/am=EQ0AAAAMFP8IGQD8__83AAABBNkO-J4F0AQIGQAAAAAAAAAAsAAAAI0/d=1/excm=_b,_tp,identifierview/ed=1/dg=0/wt=2/ujg=1/rs=AOaEmlHLTMbAcRh_fwzDtwSodZPOytbXHA/dti=1/m=_b,_tp:548
[   17124ms] [LOG] %c%s font-size: 18px; Using this console may allow attackers to impersonate you and steal your information using an attack called Self-XSS.
Do not enter or paste code that you do not understand. @ https://www.gstatic.com/_/mss/boq-identity/_/js/k=boq-identity.AccountsSignInUi.en_US.rdtyFh-827A.es5.O/am=EQ0AAAAMFP8IGQD8__83AAABBNkO-J4F0AQIGQAAAAAAAAAAsAAAAI0/d=1/excm=_b,_tp,identifierview/ed=1/dg=0/wt=2/ujg=1/rs=AOaEmlHLTMbAcRh_fwzDtwSodZPOytbXHA/dti=1/m=_b,_tp:548
[  107302ms] [VERBOSE] [DOM] Password field is not contained in a form: (More info: https://goo.gl/9p2vKq) %o @ https://accounts.google.com/v3/signin/challenge/pwd?TL=ADCchmY1v_9zIeYssxNi-el0x9qcZF_bji6Iuiy4Q-JiM5LU6cHODnN4_nQft4fB&access_type=offline&app_domain=http%3A%2F%2Flocalhost%3A3000&checkConnection=youtube%3A191&checkedDomains=youtube&cid=2&client_id=118398786093-mmjdl33l7f7ldni0vqfj5203mqsbgs75.apps.googleusercontent.com&code_challenge=84rl1g5OikWcuQk3yNr-UTNtBP3OBwnsQ7jKAB-gSM8&code_challenge_method=S256&continue=https%3A%2F%2Faccounts.google.com%2Fsignin%2Foauth%2Fconsent%3Fauthuser%3Dunknown%26part%3DAJi8hANQuqCCdzNAJFuq-UNvV0dVZA29gFMLFc9-b-n4uzfFWKeuskuXmxy1iRNQgGHQVt8sO29sAw78iv9CFttSWvyNRqB3OpACBBVbc2xQl4AOyYjAu9EqGDzT2vxXQ8RR89XLf9e5GpqmOTDYGEIW3xZMGeMPl0jYN47vNwV2SrMkmXTA3kgsEPJXOZnH5Y5mK9436Yv09yqu6fUHy0Xdp8IePdDeRsT1o05rkW8Ibq1Ty-K8kuQMERrOPPjpRsMRazKSO-FHNrT6LBKe-TT7P2D3MR1_UUqxRafkAo_DVQtZXk88CW188xNY646KSwZawMkmcCLWHEuYpz41y2nPirPC7SGuHAHw5Xr2CI3mSE2f0g_juHG0vHTMgGs7M0qv6impv3K1C6vYOZzA0Kn_vTzdn7Pk3oeABmO2rnQP4DPxvn2z5QetfQ3qKMir1-9Av-b2VzU2PVPBcHNQTX7DROqxW9pnkQ%26flowName%3DGeneralOAuthFlow%26as%3DS1258292873%253A1781703847028428%26client_id%3D118398786093-mmjdl33l7f7ldni0vqfj5203mqsbgs75.apps.googleusercontent.com%26requestPath%3D%252Fsignin%252Foauth%252Fconsent%23&dsh=S1258292873%3A1781703847028428&flowName=GeneralOAuthFlow&o2v=2&opparams=%253F&prompt=consent&pstMsg=1&rart=ANgoxccAGxjue3lBP2w9_9Ed6TdFA7ZxgRm6xnOGweLP9GTD3uZc23jJZSqBbfWWTzMd-4r2PzFdqQGb-1EzmUZhGFHrlgr6uCvXN87_L5H2e9xoknNpXOs&redirect_uri=http%3A%2F%2Flocalhost%3A3000%2Fapi%2Fauth%2Fcallback%2Fgoogle&response_type=code&scope=openid%20email%20profile&service=lso:0
[   17091ms] [VERBOSE] [DOM] Password field is not contained in a form: (More info: https://goo.gl/9p2vKq) %o @ https://accounts.google.com/v3/signin/identifier?opparams=%253F&dsh=S1258292873%3A1781703847028428&access_type=offline&client_id=118398786093-mmjdl33l7f7ldni0vqfj5203mqsbgs75.apps.googleusercontent.com&code_challenge=84rl1g5OikWcuQk3yNr-UTNtBP3OBwnsQ7jKAB-gSM8&code_challenge_method=S256&o2v=2&prompt=consent&redirect_uri=http%3A%2F%2Flocalhost%3A3000%2Fapi%2Fauth%2Fcallback%2Fgoogle&response_type=code&scope=openid+email+profile&service=lso&flowName=GeneralOAuthFlow&continue=https%3A%2F%2Faccounts.google.com%2Fsignin%2Foauth%2Fconsent%3Fauthuser%3Dunknown%26part%3DAJi8hANQuqCCdzNAJFuq-UNvV0dVZA29gFMLFc9-b-n4uzfFWKeuskuXmxy1iRNQgGHQVt8sO29sAw78iv9CFttSWvyNRqB3OpACBBVbc2xQl4AOyYjAu9EqGDzT2vxXQ8RR89XLf9e5GpqmOTDYGEIW3xZMGeMPl0jYN47vNwV2SrMkmXTA3kgsEPJXOZnH5Y5mK9436Yv09yqu6fUHy0Xdp8IePdDeRsT1o05rkW8Ibq1Ty-K8kuQMERrOPPjpRsMRazKSO-FHNrT6LBKe-TT7P2D3MR1_UUqxRafkAo_DVQtZXk88CW188xNY646KSwZawMkmcCLWHEuYpz41y2nPirPC7SGuHAHw5Xr2CI3mSE2f0g_juHG0vHTMgGs7M0qv6impv3K1C6vYOZzA0Kn_vTzdn7Pk3oeABmO2rnQP4DPxvn2z5QetfQ3qKMir1-9Av-b2VzU2PVPBcHNQTX7DROqxW9pnkQ%26flowName%3DGeneralOAuthFlow%26as%3DS1258292873%253A1781703847028428%26client_id%3D118398786093-mmjdl33l7f7ldni0vqfj5203mqsbgs75.apps.googleusercontent.com%26requestPath%3D%252Fsignin%252Foauth%252Fconsent%23&app_domain=http%3A%2F%2Flocalhost%3A3000&rart=ANgoxccAGxjue3lBP2w9_9Ed6TdFA7ZxgRm6xnOGweLP9GTD3uZc23jJZSqBbfWWTzMd-4r2PzFdqQGb-1EzmUZhGFHrlgr6uCvXN87_L5H2e9xoknNpXOs:0
[  107302ms] [VERBOSE] [DOM] Password field is not contained in a form: (More info: https://goo.gl/9p2vKq) %o @ https://accounts.google.com/v3/signin/challenge/pwd?TL=ADCchmY1v_9zIeYssxNi-el0x9qcZF_bji6Iuiy4Q-JiM5LU6cHODnN4_nQft4fB&access_type=offline&app_domain=http%3A%2F%2Flocalhost%3A3000&checkConnection=youtube%3A191&checkedDomains=youtube&cid=2&client_id=118398786093-mmjdl33l7f7ldni0vqfj5203mqsbgs75.apps.googleusercontent.com&code_challenge=84rl1g5OikWcuQk3yNr-UTNtBP3OBwnsQ7jKAB-gSM8&code_challenge_method=S256&continue=https%3A%2F%2Faccounts.google.com%2Fsignin%2Foauth%2Fconsent%3Fauthuser%3Dunknown%26part%3DAJi8hANQuqCCdzNAJFuq-UNvV0dVZA29gFMLFc9-b-n4uzfFWKeuskuXmxy1iRNQgGHQVt8sO29sAw78iv9CFttSWvyNRqB3OpACBBVbc2xQl4AOyYjAu9EqGDzT2vxXQ8RR89XLf9e5GpqmOTDYGEIW3xZMGeMPl0jYN47vNwV2SrMkmXTA3kgsEPJXOZnH5Y5mK9436Yv09yqu6fUHy0Xdp8IePdDeRsT1o05rkW8Ibq1Ty-K8kuQMERrOPPjpRsMRazKSO-FHNrT6LBKe-TT7P2D3MR1_UUqxRafkAo_DVQtZXk88CW188xNY646KSwZawMkmcCLWHEuYpz41y2nPirPC7SGuHAHw5Xr2CI3mSE2f0g_juHG0vHTMgGs7M0qv6impv3K1C6vYOZzA0Kn_vTzdn7Pk3oeABmO2rnQP4DPxvn2z5QetfQ3qKMir1-9Av-b2VzU2PVPBcHNQTX7DROqxW9pnkQ%26flowName%3DGeneralOAuthFlow%26as%3DS1258292873%253A1781703847028428%26client_id%3D118398786093-mmjdl33l7f7ldni0vqfj5203mqsbgs75.apps.googleusercontent.com%26requestPath%3D%252Fsignin%252Foauth%252Fconsent%23&dsh=S1258292873%3A1781703847028428&flowName=GeneralOAuthFlow&o2v=2&opparams=%253F&prompt=consent&pstMsg=1&rart=ANgoxccAGxjue3lBP2w9_9Ed6TdFA7ZxgRm6xnOGweLP9GTD3uZc23jJZSqBbfWWTzMd-4r2PzFdqQGb-1EzmUZhGFHrlgr6uCvXN87_L5H2e9xoknNpXOs&redirect_uri=http%3A%2F%2Flocalhost%3A3000%2Fapi%2Fauth%2Fcallback%2Fgoogle&response_type=code&scope=openid%20email%20profile&service=lso:0
[  116629ms] [LOG] %c%s color: red; background: yellow; font-size: 24px; WARNING! @ https://www.gstatic.com/_/mss/boq-identity/_/js/k=boq-identity.OAuthUi.en.7TOps48x2U0.es5.O/am=MgAAAADwD2AA8P__bwBBtgPvGUABAgAAAAAAAACAAQAgAg/d=1/excm=_b,_tp,attributesview/ed=1/dg=0/wt=2/ujg=1/rs=AOaEmlE5H4TU9aTMWirwa_VO7JK9gkLYhA/dti=1/m=_b,_tp:534
[  116630ms] [LOG] %c%s font-size: 18px; Using this console may allow attackers to impersonate you and steal your information using an attack called Self-XSS.
Do not enter or paste code that you do not understand. @ https://www.gstatic.com/_/mss/boq-identity/_/js/k=boq-identity.OAuthUi.en.7TOps48x2U0.es5.O/am=MgAAAADwD2AA8P__bwBBtgPvGUABAgAAAAAAAACAAQAgAg/d=1/excm=_b,_tp,attributesview/ed=1/dg=0/wt=2/ujg=1/rs=AOaEmlE5H4TU9aTMWirwa_VO7JK9gkLYhA/dti=1/m=_b,_tp:534
[  126607ms] [INFO] %cDownload the React DevTools for a better development experience: https://react.dev/link/react-devtools font-weight:bold @ http://localhost:3000/_next/static/chunks/node_modules_next_dist_1ybzpk2._.js:2477
[  126731ms] [LOG] [HMR] connected @ http://localhost:3000/_next/static/chunks/node_modules_next_dist_1ybzpk2._.js:2477
[  127053ms] Error: Invalid src prop (https://lh3.googleusercontent.com/a/ACg8ocL0YItA4n3LlqQwCoiRkWuDmSseJfZAydB3c1ehCUU5Ic0CVg=s96-c) on `next/image`, hostname "lh3.googleusercontent.com" is not configured under images in your `next.config.js`
See more info: https://nextjs.org/docs/messages/next-image-unconfigured-host
    at defaultLoader (http://localhost:3000/_next/static/chunks/node_modules_00algix._.js:4148:49)
    at http://localhost:3000/_next/static/chunks/node_modules_00algix._.js:1572:39
    at Array.map (<anonymous>)
    at generateImgAttrs (http://localhost:3000/_next/static/chunks/node_modules_00algix._.js:1572:24)
    at getImgProps (http://localhost:3000/_next/static/chunks/node_modules_00algix._.js:1985:27)
    at http://localhost:3000/_next/static/chunks/node_modules_00algix._.js:4551:82
    at Object.react_stack_bottom_frame (http://localhost:3000/_next/static/chunks/node_modules_next_dist_compiled_react-dom_096_9a-._.js:15037:24)
    at renderWithHooks (http://localhost:3000/_next/static/chunks/node_modules_next_dist_compiled_react-dom_096_9a-._.js:4620:24)
    at updateForwardRef (http://localhost:3000/_next/static/chunks/node_modules_next_dist_compiled_react-dom_096_9a-._.js:5908:21)
    at beginWork (http://localhost:3000/_next/static/chunks/node_modules_next_dist_compiled_react-dom_096_9a-._.js:6766:24)
    at runWithFiberInDEV (http://localhost:3000/_next/static/chunks/node_modules_next_dist_compiled_react-dom_096_9a-._.js:965:74)
    at performUnitOfWork (http://localhost:3000/_next/static/chunks/node_modules_next_dist_compiled_react-dom_096_9a-._.js:9555:97)
    at workLoopSync (http://localhost:3000/_next/static/chunks/node_modules_next_dist_compiled_react-dom_096_9a-._.js:9449:40)
    at renderRootSync (http://localhost:3000/_next/static/chunks/node_modules_next_dist_compiled_react-dom_096_9a-._.js:9433:13)
    at performWorkOnRoot (http://localhost:3000/_next/static/chunks/node_modules_next_dist_compiled_react-dom_096_9a-._.js:9098:47)
    at performWorkOnRootViaSchedulerTask (http://localhost:3000/_next/static/chunks/node_modules_next_dist_compiled_react-dom_096_9a-._.js:10255:9)
    at MessagePort.performWorkUntilDeadline (http://localhost:3000/_next/static/chunks/node_modules_next_dist_compiled_1amofcm._.js:2647:64)
[  196976ms] [LOG] [Fast Refresh] rebuilding @ http://localhost:3000/_next/static/chunks/node_modules_next_dist_1ybzpk2._.js:2477
[  201709ms] [LOG] [HMR] connected @ http://localhost:3000/_next/static/chunks/node_modules_next_dist_1ybzpk2._.js:2477
[  204077ms] [INFO] %cDownload the React DevTools for a better development experience: https://react.dev/link/react-devtools font-weight:bold @ http://localhost:3000/_next/static/chunks/node_modules_next_dist_1ybzpk2._.js:2477
[  204186ms] [LOG] [HMR] connected @ http://localhost:3000/_next/static/chunks/node_modules_next_dist_1ybzpk2._.js:2477
[  204734ms] [LOG] [Fast Refresh] rebuilding @ http://localhost:3000/_next/static/chunks/node_modules_next_dist_1ybzpk2._.js:2477
[  205288ms] [LOG] [Fast Refresh] done in 650ms @ http://localhost:3000/_next/static/chunks/node_modules_next_dist_1ybzpk2._.js:2477
[  208186ms] [LOG] [Fast Refresh] rebuilding @ http://localhost:3000/_next/static/chunks/node_modules_next_dist_1ybzpk2._.js:2477
[  211459ms] [LOG] [Fast Refresh] done in 3662ms @ http://localhost:3000/_next/static/chunks/node_modules_next_dist_1ybzpk2._.js:2477
